Removed Pin From Net: NetName=GND Pin=Charger Input-1
Removed Pin From Net: NetName=Net12 VOLT BUCK_1 Pin=Charger Input-3
Removed Pin From Net: NetName=NetCharger Output_1 Pin=Charger Output-1
Removed Pin From Net: NetName=GND Pin=Charger Output-3
Added Component: Designator=Charger Input(TE_1977477-3)
Add component (AddParameter): Name = "Check_prices"; Value = "https://www.snapeda.com/parts/1977477-3/TE+Connectivity+AMP+Connectors/view-part/?ref=eda"; VariantName = "[No Variations]"
Add component (AddParameter): Name = "MF"; Value = "TE Connectivity"; VariantName = "[No Variations]"
Add component (AddParameter): Name = "MP"; Value = "1977477-3"; VariantName = "[No Variations]"
Add component (AddParameter): Name = "Package"; Value = "None"; VariantName = "[No Variations]"
Add component (AddParameter): Name = "SnapEDA_Link"; Value = "https://www.snapeda.com/parts/1977477-3/TE+Connectivity+AMP+Connectors/view-part/?ref=snap"; VariantName = "[No Variations]"
Add component (AddParameter): Name = "Value"; Value = ""; VariantName = "[No Variations]"
Added Component: Designator=Charger Output(TE_1977477-3)
Add component (AddParameter): Name = "Check_prices"; Value = "https://www.snapeda.com/parts/1977477-3/TE+Connectivity+AMP+Connectors/view-part/?ref=eda"; VariantName = "[No Variations]"
Add component (AddParameter): Name = "MF"; Value = "TE Connectivity"; VariantName = "[No Variations]"
Add component (AddParameter): Name = "MP"; Value = "1977477-3"; VariantName = "[No Variations]"
Add component (AddParameter): Name = "Package"; Value = "None"; VariantName = "[No Variations]"
Add component (AddParameter): Name = "SnapEDA_Link"; Value = "https://www.snapeda.com/parts/1977477-3/TE+Connectivity+AMP+Connectors/view-part/?ref=snap"; VariantName = "[No Variations]"
Add component (AddParameter): Name = "Value"; Value = ""; VariantName = "[No Variations]"
Added Pin To Net: NetName=GND Pin=Charger Input-1
Added Pin To Net: NetName=Net12 VOLT BUCK_1 Pin=Charger Input-3
Added Pin To Net: NetName=NetCharger Output_1 Pin=Charger Output-1
Added Pin To Net: NetName=GND Pin=Charger Output-3
