Removed Pin From Net: NetName=LO Pin=Gate Driver-1
Removed Pin From Net: NetName=LO Pin=Gate Driver-2
Removed Pin From Net: NetName=Net12 VOLT BUCK _4 Pin=Gate Driver-3
Removed Pin From Net: NetName=NetC2_2 Pin=Gate Driver-5
Removed Pin From Net: NetName=NetC2_1 Pin=Gate Driver-6
Removed Pin From Net: NetName=NetC4_1 Pin=Gate Driver-9
Removed Pin From Net: NetName=PWM Pin=Gate Driver-10
Removed Pin From Net: NetName=LO Pin=Gate Driver-11
Removed Pin From Net: NetName=PWM Pin=Gate Driver-12
Removed Pin From Net: NetName=NetC4_2 Pin=Gate Driver-13
Removed Member From Class: ClassName=Charger  Member=Gate Driver
Added Component: Designator=gd(PCBComponent_1)
Added Pin To Net: NetName=LO Pin=gd-1
Added Pin To Net: NetName=LO Pin=gd-2
Added Pin To Net: NetName=Net12 VOLT BUCK _4 Pin=gd-3
Added Pin To Net: NetName=NetC2_2 Pin=gd-5
Added Pin To Net: NetName=NetC2_1 Pin=gd-6
Added Pin To Net: NetName=NetC4_1 Pin=gd-9
Added Pin To Net: NetName=PWM Pin=gd-10
Added Pin To Net: NetName=LO Pin=gd-11
Added Pin To Net: NetName=PWM Pin=gd-12
Added Pin To Net: NetName=NetC4_2 Pin=gd-13
Added Member To Class: ClassName=Charger  Member=Component gd Component_1
Added Member To Class: ClassName=Charger  Member=Component  Rgate
